2022/12/28	18:03:44	94aae659-38f6-4686-abbf-d9ba77fcc9c9	GET	/	undefined
2022/12/29	17:16:48	448f775d-31c5-4619-8061-28ab29d771c9	POST	/users	undefined
2022/12/29	17:23:40	6e6ae3c9-a59e-4592-aca6-2957c2c40f37	POST	/users	undefined
2022/12/29	17:26:30	b1d7290e-a3d8-4d2d-97d0-35dbbf80b07b	POST	/users	undefined
2022/12/29	17:26:46	565eaa0d-8288-4f9f-b681-dc14ff4efaaf	POST	/users	undefined
2022/12/29	17:27:05	fb64475a-4985-4fbd-b5df-9636e4931d4e	POST	/users	undefined
2022/12/29	17:27:15	b9665845-35a6-4d4f-9e8e-5154e3d70f42	POST	/users	undefined
2022/12/29	17:28:22	fcb202f0-b146-4330-a2b5-d9b30ae23b4f	POST	/users	undefined
2022/12/29	17:28:44	e1bd094a-2682-4b45-9c53-e8becba70534	POST	/users	undefined
2022/12/29	17:28:59	107e5dfc-7e4d-4eb9-ae20-f5a30cd6066e	POST	/users	undefined
2022/12/29	17:31:51	f648d490-c389-4206-a749-0da91bc80444	POST	/users	undefined
2022/12/29	17:33:04	2884f949-22c6-43c9-9198-e547300f19c4	POST	/users	undefined2022/12/29	18:04:16	ab8a33dc-1bc5-49fd-b1f5-608d9b0b778a	POST	/users	undefined
2022/12/29	18:04:27	a991282e-c88d-4c34-83e9-647ef7052d77	POST	/users	undefined
2022/12/29	18:15:11	a5fea519-cfc5-411f-84e2-69bdce3aa624	POST	/users	undefined
2022/12/29	18:19:44	b0e2bf09-1d4f-40e8-b656-90d3a0215fa5	POST	/users	undefined
2022/12/30	15:26:25	cbdea209-ba1e-4192-b127-a11a779bac11	GET	/	undefined
2022/12/30	15:31:30	87f2fe1b-8c91-4b8c-a2a7-641054f59abe	GET	/css/styles.css	undefined
2022/12/30	15:31:58	c0103717-f601-42c1-aa83-c10e67463780	GET	/css/styles.css	undefined
2022/12/30	15:31:58	003fdceb-0212-4337-b18b-a723d8892a53	GET	/favicon.ico	undefined
2022/12/30	15:35:03	c5b55822-1519-4244-b2f6-679e5aa7e396	GET	/	undefined
2022/12/30	15:35:03	8130573f-b233-4d8f-8365-4120e3f074bf	GET	/css/styles.css	undefined
2022/12/30	15:38:51	07bfc986-978d-4298-bf46-24883e7404a5	GET	/asas	undefined
2022/12/30	15:39:31	f4df01c7-6101-4378-aaad-92a45b3483a4	GET	/asas	undefined
2022/12/30	15:39:31	930441c3-157f-48f8-af57-c88e273973e9	GET	/css/styles.css	undefined
2022/12/30	15:39:55	8339307f-6041-4b45-9512-97311be7de4f	GET	/asas	undefined
2022/12/30	15:39:56	2fa87087-4f2c-428f-b0a0-e1f76f0f8cf3	GET	/css/styles.css	undefined
2022/12/30	15:41:16	4f070547-85d5-407c-a2dc-6289f0315913	GET	/asas	undefined
2022/12/30	15:41:16	3455bbc9-2eb2-4219-ad24-7b9d31f73903	GET	/css/styles.css	undefined
2022/12/30	15:41:30	cfc903e7-de31-41ca-8282-6deadd1e99f1	GET	/asas	undefined
2022/12/30	15:41:30	19396cb7-01de-45b1-a7fe-bd2739d2a33e	GET	/css/styles.css	undefined
2022/12/30	15:41:52	ac10c6c9-5c5f-42c9-be9c-f92853553255	GET	/asas	undefined
2022/12/30	15:41:52	769fb641-e24d-479f-8327-6a88288af816	GET	/css/styles.css	undefined
2022/12/30	15:43:58	27905f6d-4428-46ae-b120-c5fa469a6ed9	GET	/asas	undefined
2022/12/30	15:43:59	ca108bb4-edbd-4eac-845c-b8a0443ba340	GET	/css/styles.css	undefined
2022/12/30	15:44:14	468b3dca-bf30-47ba-9197-f0560dc2efbd	GET	/asas	undefined
2022/12/30	15:44:14	8531eecf-17c4-4063-88bf-d56294332530	GET	/css/styles.css	undefined
2022/12/30	15:44:27	4e2702d1-0108-40af-a64b-fcad02efc631	GET	/asas	undefined
2022/12/30	15:44:27	ffd32cbd-24a8-4539-a72b-20c39e97339b	GET	/css/styles.css	undefined
2022/12/30	15:47:33	6cd57e03-da8e-455f-b755-ae35394c78a1	GET	/asas	undefined
2022/12/30	15:47:34	c49051f7-665e-4c3b-ae11-2e20c108fb90	GET	/css/styles.css	undefined
2022/12/30	15:47:46	78766283-b25b-4eb4-b683-0e9422fe8c04	GET	/asas	undefined
2022/12/30	15:47:46	09571ada-a099-424b-92ad-fd6216b15dd1	GET	/css/styles.css	undefined
2022/12/30	15:48:08	4beb4f1a-152a-41d3-8403-e324e9a8db80	GET	/asas	undefined
2022/12/30	15:48:08	1e10d796-ab60-4b42-bc07-00b5f6687812	GET	/css/styles.css	undefined
2022/12/30	15:48:27	bb9b070c-eb9e-426b-8fff-2f6d228c4a85	GET	/asas	undefined
2022/12/30	15:48:27	91db0c1f-2961-4fcd-bc9a-9fb5435cc894	GET	/css/styles.css	undefined
2022/12/30	15:48:55	e4cfae16-06f3-4515-9f9a-90208dd2048c	GET	/asas	undefined
2022/12/30	15:48:56	36981511-00f9-4866-b166-137fcebe6461	GET	/css/styles.css	undefined
2022/12/30	15:49:25	ce106c3f-0447-4682-9393-a18a5d1e403d	GET	/asas	undefined
2022/12/30	15:49:25	701e75d6-c866-4ab9-9422-13a518222527	GET	/css/styles.css	undefined
2022/12/30	15:49:32	db202e46-ef87-4149-9f94-f95a5bd86f73	GET	/asas	undefined
2022/12/30	15:49:32	33ae945e-a671-40c9-8b0a-a75159eaf18f	GET	/css/styles.css	undefined
2022/12/30	15:49:51	3e968405-910a-40d8-9fd1-434469b82e92	GET	/	undefined
2022/12/30	15:49:51	dd35df12-6709-4aed-b7a1-3dcffc2895fe	GET	/css/styles.css	undefined
2022/12/30	15:50:27	aeb1fee0-1afb-4bde-b28d-69fd82df9fa5	GET	/asa	undefined
2022/12/30	15:50:27	14f924c5-9fe4-4663-9082-1405c3cd7d1d	GET	/css/styles.css	undefined
2022/12/30	15:51:20	5df23181-e7cc-4d7f-8e03-c4d43c47eb0f	GET	/	undefined
2022/12/30	15:51:20	5ea3c3ed-3015-4671-a409-e1a3ef80dabd	GET	/css/styles.css	undefined
2022/12/30	15:51:40	1d1cb76a-8815-4760-b676-a96ffc55788c	GET	/	undefined
2022/12/30	15:51:40	85bf7cbc-8fc6-4f51-9cfa-195ce8e6593c	GET	/css/styles.css	undefined
2022/12/30	15:53:58	4bb06d1b-acf7-4272-b41d-7cfc81af71fb	GET	/	undefined
2022/12/30	15:53:58	da28b714-c578-415e-9f0d-8febfe599e08	GET	/css/styles.css	undefined
2022/12/30	15:54:01	8ab7eb6c-8769-4ff9-a65a-5ec24becd617	GET	/asas	undefined
2022/12/30	15:54:02	2f40c958-5cef-4519-9f4f-4adb2f603722	GET	/css/styles.css	undefined
2022/12/30	15:54:17	f6cf47e0-a5c2-494c-baa6-fbf4cbf9b8ab	GET	/users	undefined
2022/12/30	15:54:17	5ffaea7f-8944-4e74-9cb5-cb9b7bb93b71	GET	/css/styles.css	undefined
2022/12/30	16:32:30	c05e0e83-be6a-426a-bada-3a18351da19d	POST	/users	undefined
2022/12/30	16:33:40	17969929-fee4-4be9-b54b-a90cd1c4bfc1	POST	/users	undefined
2022/12/30	16:36:25	ce44be68-619e-4060-9048-9ec9d239612c	POST	/users	undefined
2022/12/30	16:36:33	d1f5e6f6-837d-438b-abd2-5c18fe72aa6e	POST	/users	undefined
2022/12/30	16:37:17	e977b47c-a2aa-4717-8d9f-5e271459b486	POST	/users	undefined
